<?xml version="1.0" encoding="UTF-8"?>
<testng-results ignored="0" total="3" passed="3" failed="0" skipped="0">
  <reporter-output>
  </reporter-output>
  <suite started-at="2024-01-25T21:08:50 IST" name="ParallelSuite" finished-at="2024-01-25T21:09:13 IST" duration-ms="22840">
    <groups>
    </groups>
    <test started-at="2024-01-25T21:08:50 IST" name="Error Validation" finished-at="2024-01-25T21:09:12 IST" duration-ms="21337">
      <class name="Tests.ErrorValidation">
        <test-method is-config="true" signature="launchApplication()[pri:0, instance:Tests.ErrorValidation@738dc9b]" started-at="2024-01-25T21:08:50 IST" name="launchApplication" finished-at="2024-01-25T21:08:54 IST" duration-ms="3945" status="PASS">
          <reporter-output>
          </reporter-output>
        </test-method> <!-- launchApplication -->
        <test-method signature="loginValidation()[pri:0, instance:Tests.ErrorValidation@738dc9b]" started-at="2024-01-25T21:08:54 IST" name="loginValidation" finished-at="2024-01-25T21:08:55 IST" duration-ms="655" status="PASS">
          <reporter-output>
          </reporter-output>
        </test-method> <!-- loginValidation -->
        <test-method is-config="true" signature="tearDown()[pri:0, instance:Tests.ErrorValidation@738dc9b]" started-at="2024-01-25T21:08:55 IST" name="tearDown" finished-at="2024-01-25T21:08:55 IST" duration-ms="129" status="PASS">
          <reporter-output>
          </reporter-output>
        </test-method> <!-- tearDown -->
        <test-method is-config="true" signature="launchApplication()[pri:0, instance:Tests.ErrorValidation@738dc9b]" started-at="2024-01-25T21:08:55 IST" name="launchApplication" finished-at="2024-01-25T21:08:57 IST" duration-ms="2321" status="PASS">
          <reporter-output>
          </reporter-output>
        </test-method> <!-- launchApplication -->
        <test-method signature="ProductValidation()[pri:0, instance:Tests.ErrorValidation@738dc9b]" started-at="2024-01-25T21:08:57 IST" name="ProductValidation" finished-at="2024-01-25T21:09:11 IST" duration-ms="14005" status="PASS">
          <reporter-output>
          </reporter-output>
        </test-method> <!-- ProductValidation -->
        <test-method is-config="true" signature="tearDown()[pri:0, instance:Tests.ErrorValidation@738dc9b]" started-at="2024-01-25T21:09:11 IST" name="tearDown" finished-at="2024-01-25T21:09:12 IST" duration-ms="216" status="PASS">
          <reporter-output>
          </reporter-output>
        </test-method> <!-- tearDown -->
      </class> <!-- Tests.ErrorValidation -->
    </test> <!-- Error Validation -->
    <test started-at="2024-01-25T21:08:50 IST" name="Order Submission" finished-at="2024-01-25T21:09:13 IST" duration-ms="22840">
      <class name="Tests.Test1">
        <test-method is-config="true" signature="launchApplication()[pri:0, instance:Tests.Test1@3ee37e5a]" started-at="2024-01-25T21:08:50 IST" name="launchApplication" finished-at="2024-01-25T21:08:55 IST" duration-ms="4837" status="PASS">
          <reporter-output>
          </reporter-output>
        </test-method> <!-- launchApplication -->
        <test-method signature="PlaceOrder()[pri:0, instance:Tests.Test1@3ee37e5a]" started-at="2024-01-25T21:08:55 IST" name="PlaceOrder" finished-at="2024-01-25T21:09:13 IST" duration-ms="17846" status="PASS">
          <reporter-output>
          </reporter-output>
        </test-method> <!-- PlaceOrder -->
        <test-method is-config="true" signature="tearDown()[pri:0, instance:Tests.Test1@3ee37e5a]" started-at="2024-01-25T21:09:13 IST" name="tearDown" finished-at="2024-01-25T21:09:13 IST" duration-ms="99" status="PASS">
          <reporter-output>
          </reporter-output>
        </test-method> <!-- tearDown -->
      </class> <!-- Tests.Test1 -->
    </test> <!-- Order Submission -->
  </suite> <!-- ParallelSuite -->
</testng-results>
