<?xml version="1.0" encoding="UTF-8"?>
<testng-results ignored="0" total="2" passed="2" failed="0" skipped="0">
  <reporter-output>
  </reporter-output>
  <suite started-at="2024-01-30T20:32:46 IST" name="Default suite" finished-at="2024-01-30T20:33:15 IST" duration-ms="28898">
    <groups>
    </groups>
    <test started-at="2024-01-30T20:32:46 IST" name="Default test" finished-at="2024-01-30T20:33:15 IST" duration-ms="28898">
      <class name="Tests.Test1">
        <test-method is-config="true" signature="launchApplication()[pri:0, instance:Tests.Test1@12aba8be]" started-at="2024-01-30T20:32:46 IST" name="launchApplication" finished-at="2024-01-30T20:32:50 IST" duration-ms="3419" status="PASS">
          <reporter-output>
          </reporter-output>
        </test-method> <!-- launchApplication -->
        <test-method signature="PlaceOrder(java.lang.String,java.lang.String,java.lang.String)[pri:0, instance:Tests.Test1@12aba8be]" started-at="2024-01-30T20:32:50 IST" name="PlaceOrder" data-provider="getData" finished-at="2024-01-30T20:32:56 IST" duration-ms="5792" status="PASS">
          <params>
            <param index="0">
              <value>
                <![CDATA[pathan@gmail.com]]>
              </value>
            </param>
            <param index="1">
              <value>
                <![CDATA[Abcd@1234]]>
              </value>
            </param>
            <param index="2">
              <value>
                <![CDATA[ADIDAS ORIGINAL]]>
              </value>
            </param>
          </params>
          <reporter-output>
          </reporter-output>
        </test-method> <!-- PlaceOrder -->
        <test-method is-config="true" signature="tearDown()[pri:0, instance:Tests.Test1@12aba8be]" started-at="2024-01-30T20:32:56 IST" name="tearDown" finished-at="2024-01-30T20:32:56 IST" duration-ms="181" status="PASS">
          <reporter-output>
          </reporter-output>
        </test-method> <!-- tearDown -->
        <test-method is-config="true" signature="launchApplication()[pri:0, instance:Tests.Test1@12aba8be]" started-at="2024-01-30T20:32:56 IST" name="launchApplication" finished-at="2024-01-30T20:32:58 IST" duration-ms="2073" status="PASS">
          <reporter-output>
          </reporter-output>
        </test-method> <!-- launchApplication -->
        <test-method signature="PlaceOrder(java.lang.String,java.lang.String,java.lang.String)[pri:0, instance:Tests.Test1@12aba8be]" started-at="2024-01-30T20:32:58 IST" name="PlaceOrder" data-provider="getData" finished-at="2024-01-30T20:33:15 IST" duration-ms="17204" status="PASS">
          <params>
            <param index="0">
              <value>
                <![CDATA[sunil3001@gmail.com]]>
              </value>
            </param>
            <param index="1">
              <value>
                <![CDATA[India@123]]>
              </value>
            </param>
            <param index="2">
              <value>
                <![CDATA[Zara coat 3]]>
              </value>
            </param>
          </params>
          <reporter-output>
          </reporter-output>
        </test-method> <!-- PlaceOrder -->
        <test-method is-config="true" signature="tearDown()[pri:0, instance:Tests.Test1@12aba8be]" started-at="2024-01-30T20:33:15 IST" name="tearDown" finished-at="2024-01-30T20:33:15 IST" duration-ms="162" status="PASS">
          <reporter-output>
          </reporter-output>
        </test-method> <!-- tearDown -->
      </class> <!-- Tests.Test1 -->
    </test> <!-- Default test -->
  </suite> <!-- Default suite -->
</testng-results>
